Build started 13/12/2015 7:32:29 PM.
     1>Project "C:\Users\Exodus\Desktop\NCdata\Assignmen01_150503N_NathanChia\Assignmen01_150503N_NathanChia\Assignmen01_150503N_NathanChia.vcxproj" on node 2 (Build target(s)).
     1>Link:
         E:\Programs\Visual Studio 2013\VC\bin\link.exe /ERRORREPORT:PROMPT /OUT:"C:\Users\Exodus\Desktop\NCdata\Assignmen01_150503N_NathanChia\Debug\Assignmen01_150503N_NathanChia.exe" /INCREMENTAL /NOLOGO kernel32.lib user32.lib gdi32.lib winspool.lib comdlg32.lib advapi32.lib shell32.lib ole32.lib oleaut32.lib uuid.lib odbc32.lib odbccp32.lib /MANIFEST /MANIFESTUAC:"level='asInvoker' uiAccess='false'" /manifest:embed /DEBUG /PDB:"C:\Users\Exodus\Desktop\NCdata\Assignmen01_150503N_NathanChia\Debug\Assignmen01_150503N_NathanChia.pdb" /SUBSYSTEM:CONSOLE /TLBID:1 /DYNAMICBASE /NXCOMPAT /IMPLIB:"C:\Users\Exodus\Desktop\NCdata\Assignmen01_150503N_NathanChia\Debug\Assignmen01_150503N_NathanChia.lib" /MACHINE:X86 Debug\compileCheck.obj
         Debug\Dweller.obj
         Debug\GameObject.obj
         Debug\Item.obj
         Debug\main.obj
         Debug\Outift.obj
         Debug\Vec2D.obj
         Debug\Weapon.obj
     1>compileCheck.obj : error LNK2019: unresolved external symbol "public: void __thiscall Dweller::addStimpak(int const &)" (?addStimpak@Dweller@@QAEXABH@Z) referenced in function "void __cdecl testNames(void)" (?testNames@@YAXXZ)
     1>compileCheck.obj : error LNK2019: unresolved external symbol "public: void __thiscall Dweller::addRadAway(int const &)" (?addRadAway@Dweller@@QAEXABH@Z) referenced in function "void __cdecl testNames(void)" (?testNames@@YAXXZ)
     1>GameObject.obj : error LNK2001: unresolved external symbol "private: static int GameObject::count_" (?count_@GameObject@@0HA)
     1>C:\Users\Exodus\Desktop\NCdata\Assignmen01_150503N_NathanChia\Debug\Assignmen01_150503N_NathanChia.exe : fatal error LNK1120: 3 unresolved externals
     1>Done Building Project "C:\Users\Exodus\Desktop\NCdata\Assignmen01_150503N_NathanChia\Assignmen01_150503N_NathanChia\Assignmen01_150503N_NathanChia.vcxproj" (Build target(s)) -- FAILED.

Build FAILED.

Time Elapsed 00:00:00.20
